<html xmlns:math="http://exslt.org/math" xmlns:testng="http://testng.org">
   <head>
      <title>TestNG Results</title>
      <meta http-equiv="content-type" content="text/html; charset=utf-8"></meta>
      <meta http-equiv="pragma" content="no-cache"></meta>
      <meta http-equiv="cache-control" content="max-age=0"></meta>
      <meta http-equiv="cache-control" content="no-cache"></meta>
      <meta http-equiv="cache-control" content="no-store"></meta>
      <LINK rel="stylesheet" href="style.css"></LINK>
      <script type="text/javascript" src="main.js"></script>
   </head>
   <body>
      <table width="100%" style="font-size: 16px; margin-bottom: 10px;" cellspacing="1">
         <tr>
            <td width="100%">
               All methods in suite
               
               <b>My Sample Suite</b>
            </td>
            <td style="background-color: #FFBBBB; padding: 3px 3px 3px 0;" align="center">
               <div style="width: 50px;">1</div>
            </td>
            <td style="background-color: lightgreen; padding: 3px 3px 3px 0;" align="center">
               <div style="width: 50px;">1</div>
            </td>
            <td style="background-color: #FFFFBB; padding: 3px 3px 3px 0;" align="center">
               <div style="width: 50px;">1</div>
            </td>
            <td align="center" style="background-color: #eaf0f7; padding: 3px 3px 3px 0;">
               <div style="width: 50px;">3</div>
            </td>
            <td align="center"
                style="font-weight: bold; background-color: #eaf0f7; padding: 3px 3px 3px 0;">
               <div style="width: 50px;">33%</div>
            </td>
            <td style="background-color: #eaf0f7; padding: 3px 3px 3px 0;" align="center"
                nowrap="true">10s
               
            </td>
         </tr>
      </table>
      <div style="width: 200px;">
         <label for="groupMethodsCheckBox" style="font-weight: bold; margin: 0;">
            <input id="groupMethodsCheckBox" type="checkbox" onclick="switchTestMethodsView(this)"></input>
            Group by class
            
         </label>
         <br></br>
         <label for="methodsFilter_ALL" style="font-weight: bold; margin: 0;">
            <input id="methodsFilter_ALL" type="checkbox"
                   onclick="testMethodsFilterChanged(this, 'ALL')"></input>
            All
            
         </label>
      </div>
      <label for="methodsFilter_FAIL" style="margin-left: 20px;">
         <input id="methodsFilter_FAIL" type="checkbox"
                onclick="testMethodsFilterChanged(this, 'FAIL')"
                checked=""></input>
         Failed
         
      </label>
      <label for="methodsFilter_PASS">
         <input id="methodsFilter_PASS" type="checkbox"
                onclick="testMethodsFilterChanged(this, 'PASS')"
                checked=""></input>
         Passed
         
      </label>
      <label for="methodsFilter_SKIP">
         <input id="methodsFilter_SKIP" type="checkbox"
                onclick="testMethodsFilterChanged(this, 'SKIP')"
                checked=""></input>
         Skipped
         
      </label>
      <label for="methodsFilter_CONF">
         <input id="methodsFilter_CONF" type="checkbox"
                onclick="testMethodsFilterChanged(this, 'CONF')"></input>
         Config
         
      </label>
      <br></br>
      <div id="testMethodsByStatus">
         <table class="testMethodsTable" cellpadding="0" cellspacing="0">
            <tr class="methodsTableHeader">
               <td width="100%">Name</td>
               <td nowrap="true">Started</td>
               <td nowrap="true">Duration</td>
               <td>Exception</td>
            </tr>
            <tr id="tests.UsingAssertions_testGoogleSearch_byStatus_failed_FAIL1_row"
                class="testMethodStatusFAIL">
               <td width="100%" class="firstMethodCell">
                  <a onclick="toggleDetailsVisibility('tests.UsingAssertions_testGoogleSearch_byStatus_failed_FAIL1_details')">testGoogleSearch()</a>
               </td>
               <td nowrap="true">16:17:13</td>
               <td nowrap="true" align="right">35 ms
                  
               </td>
               <td nowrap="true">
                  <a onclick="toggleDetailsVisibility('tests.UsingAssertions_testGoogleSearch_byStatus_failed_FAIL1_exception')">java.lang.AssertionError: 
                     Error coming because of xyz reason expected [true] but found [false]
                     
                  </a>
                   
                  
               </td>
            </tr>
            <tr>
               <td colspan="4" class="detailsBox">
                  <div id="tests.UsingAssertions_testGoogleSearch_byStatus_failed_FAIL1_details"
                       class="testMethodDetails">
                     <div>
                        <b>Name: </b>testGoogleSearch
                     </div>
                     <div>
                        <b>Signature: </b>testGoogleSearch()[pri:0, instance:tests.UsingAssertions@f5f2bb7]
                     </div>
                     <div>
                        <b>Start time: </b>16:17:13
                     </div>
                     <div>
                        <b>End time: </b>16:17:13
                     </div>
                     <div>
                        <b>Duration: </b>35 ms
                        
                     </div>
                  </div>
               </td>
            </tr>
            <tr>
               <td colspan="4" class="detailsBox">
                  <div id="tests.UsingAssertions_testGoogleSearch_byStatus_failed_FAIL1_exception"
                       class="testMethodDetails">
                     <pre style="padding: 5px; margin: 0;">java.lang.AssertionError: Error coming because of xyz reason expected [true] but found [false]
                        	at org.testng.Assert.fail(Assert.java:94)
                        	at org.testng.Assert.failNotEquals(Assert.java:494)
                        	at org.testng.Assert.assertTrue(Assert.java:42)
                        	at tests.UsingAssertions.testGoogleSearch(UsingAssertions.java:25)
                        	at sun.reflect.NativeMethodAccessorImpl.invoke0(Native Method)
                        	at sun.reflect.NativeMethodAccessorImpl.invoke(NativeMethodAccessorImpl.java:62)
                        	at sun.reflect.DelegatingMethodAccessorImpl.invoke(DelegatingMethodAccessorImpl.java:43)
                        	at java.lang.reflect.Method.invoke(Method.java:497)
                        	at org.testng.internal.MethodInvocationHelper.invokeMethod(MethodInvocationHelper.java:84)
                        	at org.testng.internal.Invoker.invokeMethod(Invoker.java:714)
                        	at org.testng.internal.Invoker.invokeTestMethod(Invoker.java:901)
                        	at org.testng.internal.Invoker.invokeTestMethods(Invoker.java:1231)
                        	at org.testng.internal.TestMethodWorker.invokeTestMethods(TestMethodWorker.java:127)
                        	at org.testng.internal.TestMethodWorker.run(TestMethodWorker.java:111)
                        	at org.testng.TestRunner.privateRun(TestRunner.java:767)
                        	at org.testng.TestRunner.run(TestRunner.java:617)
                        	at org.testng.SuiteRunner.runTest(SuiteRunner.java:334)
                        	at org.testng.SuiteRunner.runSequentially(SuiteRunner.java:329)
                        	at org.testng.SuiteRunner.privateRun(SuiteRunner.java:291)
                        	at org.testng.SuiteRunner.run(SuiteRunner.java:240)
                        	at org.testng.SuiteRunnerWorker.runSuite(SuiteRunnerWorker.java:52)
                        	at org.testng.SuiteRunnerWorker.run(SuiteRunnerWorker.java:86)
                        	at org.testng.TestNG.runSuitesSequentially(TestNG.java:1224)
                        	at org.testng.TestNG.runSuitesLocally(TestNG.java:1149)
                        	at org.testng.TestNG.run(TestNG.java:1057)
                        	at org.testng.TestNG.privateMain(TestNG.java:1364)
                        	at org.testng.TestNG.main(TestNG.java:1333)
                     </pre>
                  </div>
               </td>
            </tr>
            <tr id="tests.LoginTest_testLogin_byStatus_passed_PASS1_row"
                class="testMethodStatusPASS">
               <td width="100%" class="firstMethodCell">
                  <a onclick="toggleDetailsVisibility('tests.LoginTest_testLogin_byStatus_passed_PASS1_details')">testLogin()</a>
               </td>
               <td nowrap="true">16:17:13</td>
               <td nowrap="true" align="right">9s
                  
               </td>
               <td nowrap="true">
                   
                  
               </td>
            </tr>
            <tr>
               <td colspan="4" class="detailsBox">
                  <div id="tests.LoginTest_testLogin_byStatus_passed_PASS1_details"
                       class="testMethodDetails">
                     <div>
                        <b>Name: </b>testLogin
                     </div>
                     <div>
                        <b>Signature: </b>testLogin()[pri:0, instance:tests.LoginTest@1b40d5f0]
                     </div>
                     <div>
                        <b>Start time: </b>16:17:13
                     </div>
                     <div>
                        <b>End time: </b>16:17:22
                     </div>
                     <div>
                        <b>Duration: </b>9s
                        
                     </div>
                  </div>
               </td>
            </tr>
            <tr></tr>
            <tr id="tests.LoginTest_openConnection_byStatus_passed_PASS2_row"
                class="testMethodStatusPASS testMethodStatusCONF">
               <td width="100%" class="firstMethodCell">
                  <a onclick="toggleDetailsVisibility('tests.LoginTest_openConnection_byStatus_passed_PASS2_details')">openConnection()</a>
               </td>
               <td nowrap="true">16:17:13</td>
               <td nowrap="true" align="right">0 ms
                  
               </td>
               <td nowrap="true">
                   
                  
               </td>
            </tr>
            <tr>
               <td colspan="4" class="detailsBox">
                  <div id="tests.LoginTest_openConnection_byStatus_passed_PASS2_details"
                       class="testMethodDetails">
                     <div>
                        <b>Name: </b>openConnection
                     </div>
                     <div>
                        <b>Signature: </b>openConnection()[pri:0, instance:tests.LoginTest@1b40d5f0]
                     </div>
                     <div>
                        <b>Start time: </b>16:17:13
                     </div>
                     <div>
                        <b>End time: </b>16:17:13
                     </div>
                     <div>
                        <b>Duration: </b>0 ms
                        
                     </div>
                  </div>
               </td>
            </tr>
            <tr></tr>
            <tr id="tests.LoginTest_openBrowser_byStatus_passed_PASS3_row"
                class="testMethodStatusPASS testMethodStatusCONF">
               <td width="100%" class="firstMethodCell">
                  <a onclick="toggleDetailsVisibility('tests.LoginTest_openBrowser_byStatus_passed_PASS3_details')">openBrowser()</a>
               </td>
               <td nowrap="true">16:17:13</td>
               <td nowrap="true" align="right">0 ms
                  
               </td>
               <td nowrap="true">
                   
                  
               </td>
            </tr>
            <tr>
               <td colspan="4" class="detailsBox">
                  <div id="tests.LoginTest_openBrowser_byStatus_passed_PASS3_details"
                       class="testMethodDetails">
                     <div>
                        <b>Name: </b>openBrowser
                     </div>
                     <div>
                        <b>Signature: </b>openBrowser()[pri:0, instance:tests.LoginTest@1b40d5f0]
                     </div>
                     <div>
                        <b>Start time: </b>16:17:13
                     </div>
                     <div>
                        <b>End time: </b>16:17:13
                     </div>
                     <div>
                        <b>Duration: </b>0 ms
                        
                     </div>
                  </div>
               </td>
            </tr>
            <tr></tr>
            <tr id="tests.LoginTest_closeBrowser_byStatus_passed_PASS4_row"
                class="testMethodStatusPASS testMethodStatusCONF">
               <td width="100%" class="firstMethodCell">
                  <a onclick="toggleDetailsVisibility('tests.LoginTest_closeBrowser_byStatus_passed_PASS4_details')">closeBrowser()</a>
               </td>
               <td nowrap="true">16:17:22</td>
               <td nowrap="true" align="right">0 ms
                  
               </td>
               <td nowrap="true">
                   
                  
               </td>
            </tr>
            <tr>
               <td colspan="4" class="detailsBox">
                  <div id="tests.LoginTest_closeBrowser_byStatus_passed_PASS4_details"
                       class="testMethodDetails">
                     <div>
                        <b>Name: </b>closeBrowser
                     </div>
                     <div>
                        <b>Signature: </b>closeBrowser()[pri:0, instance:tests.LoginTest@1b40d5f0]
                     </div>
                     <div>
                        <b>Start time: </b>16:17:22
                     </div>
                     <div>
                        <b>End time: </b>16:17:22
                     </div>
                     <div>
                        <b>Duration: </b>0 ms
                        
                     </div>
                  </div>
               </td>
            </tr>
            <tr></tr>
            <tr id="tests.LoginTest_closeConnection_byStatus_passed_PASS5_row"
                class="testMethodStatusPASS testMethodStatusCONF">
               <td width="100%" class="firstMethodCell">
                  <a onclick="toggleDetailsVisibility('tests.LoginTest_closeConnection_byStatus_passed_PASS5_details')">closeConnection()</a>
               </td>
               <td nowrap="true">16:17:22</td>
               <td nowrap="true" align="right">0 ms
                  
               </td>
               <td nowrap="true">
                   
                  
               </td>
            </tr>
            <tr>
               <td colspan="4" class="detailsBox">
                  <div id="tests.LoginTest_closeConnection_byStatus_passed_PASS5_details"
                       class="testMethodDetails">
                     <div>
                        <b>Name: </b>closeConnection
                     </div>
                     <div>
                        <b>Signature: </b>closeConnection()[pri:0, instance:tests.LoginTest@1b40d5f0]
                     </div>
                     <div>
                        <b>Start time: </b>16:17:22
                     </div>
                     <div>
                        <b>End time: </b>16:17:22
                     </div>
                     <div>
                        <b>Duration: </b>0 ms
                        
                     </div>
                  </div>
               </td>
            </tr>
            <tr></tr>
            <tr id="tests.SellItemsTest_testSellingBooks_byStatus_skiped_SKIP1_row"
                class="testMethodStatusSKIP">
               <td width="100%" class="firstMethodCell">
                  <a onclick="toggleDetailsVisibility('tests.SellItemsTest_testSellingBooks_byStatus_skiped_SKIP1_details')">testSellingBooks()</a>
               </td>
               <td nowrap="true">16:17:22</td>
               <td nowrap="true" align="right">0 ms
                  
               </td>
               <td nowrap="true">
                   
                  
               </td>
            </tr>
            <tr>
               <td colspan="4" class="detailsBox">
                  <div id="tests.SellItemsTest_testSellingBooks_byStatus_skiped_SKIP1_details"
                       class="testMethodDetails">
                     <div>
                        <b>Name: </b>testSellingBooks
                     </div>
                     <div>
                        <b>Signature: </b>testSellingBooks()[pri:0, instance:tests.SellItemsTest@5e025e70]
                     </div>
                     <div>
                        <b>Start time: </b>16:17:22
                     </div>
                     <div>
                        <b>End time: </b>16:17:22
                     </div>
                     <div>
                        <b>Duration: </b>0 ms
                        
                     </div>
                  </div>
               </td>
            </tr>
            <tr></tr>
            <tr id="tests.SellItemsTest_shouldWeSkip_byStatus_skiped_SKIP2_row"
                class="testMethodStatusSKIP testMethodStatusCONF">
               <td width="100%" class="firstMethodCell">
                  <a onclick="toggleDetailsVisibility('tests.SellItemsTest_shouldWeSkip_byStatus_skiped_SKIP2_details')">shouldWeSkip()</a>
               </td>
               <td nowrap="true">16:17:22</td>
               <td nowrap="true" align="right">0 ms
                  
               </td>
               <td nowrap="true">
                  <a onclick="toggleDetailsVisibility('tests.SellItemsTest_shouldWeSkip_byStatus_skiped_SKIP2_exception')">org.testng.SkipException: 
                     Skipping because user not logged in
                     
                  </a>
                   
                  
               </td>
            </tr>
            <tr>
               <td colspan="4" class="detailsBox">
                  <div id="tests.SellItemsTest_shouldWeSkip_byStatus_skiped_SKIP2_details"
                       class="testMethodDetails">
                     <div>
                        <b>Name: </b>shouldWeSkip
                     </div>
                     <div>
                        <b>Signature: </b>shouldWeSkip()[pri:0, instance:tests.SellItemsTest@5e025e70]
                     </div>
                     <div>
                        <b>Start time: </b>16:17:22
                     </div>
                     <div>
                        <b>End time: </b>16:17:22
                     </div>
                     <div>
                        <b>Duration: </b>0 ms
                        
                     </div>
                  </div>
               </td>
            </tr>
            <tr>
               <td colspan="4" class="detailsBox">
                  <div id="tests.SellItemsTest_shouldWeSkip_byStatus_skiped_SKIP2_exception"
                       class="testMethodDetails">
                     <pre style="padding: 5px; margin: 0;">org.testng.SkipException: Skipping because user not logged in
                        	at tests.SellItemsTest.shouldWeSkip(SellItemsTest.java:13)
                        	at sun.reflect.NativeMethodAccessorImpl.invoke0(Native Method)
                        	at sun.reflect.NativeMethodAccessorImpl.invoke(NativeMethodAccessorImpl.java:62)
                        	at sun.reflect.DelegatingMethodAccessorImpl.invoke(DelegatingMethodAccessorImpl.java:43)
                        	at java.lang.reflect.Method.invoke(Method.java:497)
                        	at org.testng.internal.MethodInvocationHelper.invokeMethod(MethodInvocationHelper.java:84)
                        	at org.testng.internal.Invoker.invokeConfigurationMethod(Invoker.java:564)
                        	at org.testng.internal.Invoker.invokeConfigurations(Invoker.java:213)
                        	at org.testng.internal.Invoker.invokeConfigurations(Invoker.java:138)
                        	at org.testng.TestRunner.beforeRun(TestRunner.java:641)
                        	at org.testng.TestRunner.run(TestRunner.java:609)
                        	at org.testng.SuiteRunner.runTest(SuiteRunner.java:334)
                        	at org.testng.SuiteRunner.runSequentially(SuiteRunner.java:329)
                        	at org.testng.SuiteRunner.privateRun(SuiteRunner.java:291)
                        	at org.testng.SuiteRunner.run(SuiteRunner.java:240)
                        	at org.testng.SuiteRunnerWorker.runSuite(SuiteRunnerWorker.java:52)
                        	at org.testng.SuiteRunnerWorker.run(SuiteRunnerWorker.java:86)
                        	at org.testng.TestNG.runSuitesSequentially(TestNG.java:1224)
                        	at org.testng.TestNG.runSuitesLocally(TestNG.java:1149)
                        	at org.testng.TestNG.run(TestNG.java:1057)
                        	at org.testng.TestNG.privateMain(TestNG.java:1364)
                        	at org.testng.TestNG.main(TestNG.java:1333)
                     </pre>
                  </div>
               </td>
            </tr>
         </table>
      </div>
      <div id="testMethodsByClass" style="display: none;">
         <table class="testMethodsTable" cellpadding="0" cellspacing="0">
            <tr>
               <td colspan="4">
                  <h3 style="display: inline;">tests.LoginTest</h3>
               </td>
            </tr>
            <tr class="methodsTableHeader">
               <td width="100%">Name</td>
               <td nowrap="true">Started</td>
               <td nowrap="true">Duration</td>
               <td>Exception</td>
            </tr>
            <tr id="tests.LoginTest_testLogin_byClass_PASS1_row" class="testMethodStatusPASS">
               <td width="100%" class="firstMethodCell">
                  <a onclick="toggleDetailsVisibility('tests.LoginTest_testLogin_byClass_PASS1_details')">testLogin()</a>
               </td>
               <td nowrap="true">16:17:13</td>
               <td nowrap="true" align="right">9s
                  
               </td>
               <td nowrap="true">
                   
                  
               </td>
            </tr>
            <tr>
               <td colspan="4" class="detailsBox">
                  <div id="tests.LoginTest_testLogin_byClass_PASS1_details" class="testMethodDetails">
                     <div>
                        <b>Name: </b>testLogin
                     </div>
                     <div>
                        <b>Signature: </b>testLogin()[pri:0, instance:tests.LoginTest@1b40d5f0]
                     </div>
                     <div>
                        <b>Start time: </b>16:17:13
                     </div>
                     <div>
                        <b>End time: </b>16:17:22
                     </div>
                     <div>
                        <b>Duration: </b>9s
                        
                     </div>
                  </div>
               </td>
            </tr>
            <tr></tr>
            <tr id="tests.LoginTest_openConnection_byClass_PASS2_row"
                class="testMethodStatusPASS testMethodStatusCONF">
               <td width="100%" class="firstMethodCell">
                  <a onclick="toggleDetailsVisibility('tests.LoginTest_openConnection_byClass_PASS2_details')">openConnection()</a>
               </td>
               <td nowrap="true">16:17:13</td>
               <td nowrap="true" align="right">0 ms
                  
               </td>
               <td nowrap="true">
                   
                  
               </td>
            </tr>
            <tr>
               <td colspan="4" class="detailsBox">
                  <div id="tests.LoginTest_openConnection_byClass_PASS2_details"
                       class="testMethodDetails">
                     <div>
                        <b>Name: </b>openConnection
                     </div>
                     <div>
                        <b>Signature: </b>openConnection()[pri:0, instance:tests.LoginTest@1b40d5f0]
                     </div>
                     <div>
                        <b>Start time: </b>16:17:13
                     </div>
                     <div>
                        <b>End time: </b>16:17:13
                     </div>
                     <div>
                        <b>Duration: </b>0 ms
                        
                     </div>
                  </div>
               </td>
            </tr>
            <tr></tr>
            <tr id="tests.LoginTest_openBrowser_byClass_PASS3_row"
                class="testMethodStatusPASS testMethodStatusCONF">
               <td width="100%" class="firstMethodCell">
                  <a onclick="toggleDetailsVisibility('tests.LoginTest_openBrowser_byClass_PASS3_details')">openBrowser()</a>
               </td>
               <td nowrap="true">16:17:13</td>
               <td nowrap="true" align="right">0 ms
                  
               </td>
               <td nowrap="true">
                   
                  
               </td>
            </tr>
            <tr>
               <td colspan="4" class="detailsBox">
                  <div id="tests.LoginTest_openBrowser_byClass_PASS3_details"
                       class="testMethodDetails">
                     <div>
                        <b>Name: </b>openBrowser
                     </div>
                     <div>
                        <b>Signature: </b>openBrowser()[pri:0, instance:tests.LoginTest@1b40d5f0]
                     </div>
                     <div>
                        <b>Start time: </b>16:17:13
                     </div>
                     <div>
                        <b>End time: </b>16:17:13
                     </div>
                     <div>
                        <b>Duration: </b>0 ms
                        
                     </div>
                  </div>
               </td>
            </tr>
            <tr></tr>
            <tr id="tests.LoginTest_closeBrowser_byClass_PASS4_row"
                class="testMethodStatusPASS testMethodStatusCONF">
               <td width="100%" class="firstMethodCell">
                  <a onclick="toggleDetailsVisibility('tests.LoginTest_closeBrowser_byClass_PASS4_details')">closeBrowser()</a>
               </td>
               <td nowrap="true">16:17:22</td>
               <td nowrap="true" align="right">0 ms
                  
               </td>
               <td nowrap="true">
                   
                  
               </td>
            </tr>
            <tr>
               <td colspan="4" class="detailsBox">
                  <div id="tests.LoginTest_closeBrowser_byClass_PASS4_details"
                       class="testMethodDetails">
                     <div>
                        <b>Name: </b>closeBrowser
                     </div>
                     <div>
                        <b>Signature: </b>closeBrowser()[pri:0, instance:tests.LoginTest@1b40d5f0]
                     </div>
                     <div>
                        <b>Start time: </b>16:17:22
                     </div>
                     <div>
                        <b>End time: </b>16:17:22
                     </div>
                     <div>
                        <b>Duration: </b>0 ms
                        
                     </div>
                  </div>
               </td>
            </tr>
            <tr></tr>
            <tr id="tests.LoginTest_closeConnection_byClass_PASS5_row"
                class="testMethodStatusPASS testMethodStatusCONF">
               <td width="100%" class="firstMethodCell">
                  <a onclick="toggleDetailsVisibility('tests.LoginTest_closeConnection_byClass_PASS5_details')">closeConnection()</a>
               </td>
               <td nowrap="true">16:17:22</td>
               <td nowrap="true" align="right">0 ms
                  
               </td>
               <td nowrap="true">
                   
                  
               </td>
            </tr>
            <tr>
               <td colspan="4" class="detailsBox">
                  <div id="tests.LoginTest_closeConnection_byClass_PASS5_details"
                       class="testMethodDetails">
                     <div>
                        <b>Name: </b>closeConnection
                     </div>
                     <div>
                        <b>Signature: </b>closeConnection()[pri:0, instance:tests.LoginTest@1b40d5f0]
                     </div>
                     <div>
                        <b>Start time: </b>16:17:22
                     </div>
                     <div>
                        <b>End time: </b>16:17:22
                     </div>
                     <div>
                        <b>Duration: </b>0 ms
                        
                     </div>
                  </div>
               </td>
            </tr>
            <tr></tr>
         </table>
         <br></br>
         <table class="testMethodsTable" cellpadding="0" cellspacing="0">
            <tr>
               <td colspan="4">
                  <h3 style="display: inline;">tests.SellItemsTest</h3>
               </td>
            </tr>
            <tr class="methodsTableHeader">
               <td width="100%">Name</td>
               <td nowrap="true">Started</td>
               <td nowrap="true">Duration</td>
               <td>Exception</td>
            </tr>
            <tr id="tests.SellItemsTest_testSellingBooks_byClass_SKIP1_row"
                class="testMethodStatusSKIP">
               <td width="100%" class="firstMethodCell">
                  <a onclick="toggleDetailsVisibility('tests.SellItemsTest_testSellingBooks_byClass_SKIP1_details')">testSellingBooks()</a>
               </td>
               <td nowrap="true">16:17:22</td>
               <td nowrap="true" align="right">0 ms
                  
               </td>
               <td nowrap="true">
                   
                  
               </td>
            </tr>
            <tr>
               <td colspan="4" class="detailsBox">
                  <div id="tests.SellItemsTest_testSellingBooks_byClass_SKIP1_details"
                       class="testMethodDetails">
                     <div>
                        <b>Name: </b>testSellingBooks
                     </div>
                     <div>
                        <b>Signature: </b>testSellingBooks()[pri:0, instance:tests.SellItemsTest@5e025e70]
                     </div>
                     <div>
                        <b>Start time: </b>16:17:22
                     </div>
                     <div>
                        <b>End time: </b>16:17:22
                     </div>
                     <div>
                        <b>Duration: </b>0 ms
                        
                     </div>
                  </div>
               </td>
            </tr>
            <tr></tr>
            <tr id="tests.SellItemsTest_shouldWeSkip_byClass_SKIP2_row"
                class="testMethodStatusSKIP testMethodStatusCONF">
               <td width="100%" class="firstMethodCell">
                  <a onclick="toggleDetailsVisibility('tests.SellItemsTest_shouldWeSkip_byClass_SKIP2_details')">shouldWeSkip()</a>
               </td>
               <td nowrap="true">16:17:22</td>
               <td nowrap="true" align="right">0 ms
                  
               </td>
               <td nowrap="true">
                  <a onclick="toggleDetailsVisibility('tests.SellItemsTest_shouldWeSkip_byClass_SKIP2_exception')">org.testng.SkipException: 
                     Skipping because user not logged in
                     
                  </a>
                   
                  
               </td>
            </tr>
            <tr>
               <td colspan="4" class="detailsBox">
                  <div id="tests.SellItemsTest_shouldWeSkip_byClass_SKIP2_details"
                       class="testMethodDetails">
                     <div>
                        <b>Name: </b>shouldWeSkip
                     </div>
                     <div>
                        <b>Signature: </b>shouldWeSkip()[pri:0, instance:tests.SellItemsTest@5e025e70]
                     </div>
                     <div>
                        <b>Start time: </b>16:17:22
                     </div>
                     <div>
                        <b>End time: </b>16:17:22
                     </div>
                     <div>
                        <b>Duration: </b>0 ms
                        
                     </div>
                  </div>
               </td>
            </tr>
            <tr>
               <td colspan="4" class="detailsBox">
                  <div id="tests.SellItemsTest_shouldWeSkip_byClass_SKIP2_exception"
                       class="testMethodDetails">
                     <pre style="padding: 5px; margin: 0;">org.testng.SkipException: Skipping because user not logged in
                        	at tests.SellItemsTest.shouldWeSkip(SellItemsTest.java:13)
                        	at sun.reflect.NativeMethodAccessorImpl.invoke0(Native Method)
                        	at sun.reflect.NativeMethodAccessorImpl.invoke(NativeMethodAccessorImpl.java:62)
                        	at sun.reflect.DelegatingMethodAccessorImpl.invoke(DelegatingMethodAccessorImpl.java:43)
                        	at java.lang.reflect.Method.invoke(Method.java:497)
                        	at org.testng.internal.MethodInvocationHelper.invokeMethod(MethodInvocationHelper.java:84)
                        	at org.testng.internal.Invoker.invokeConfigurationMethod(Invoker.java:564)
                        	at org.testng.internal.Invoker.invokeConfigurations(Invoker.java:213)
                        	at org.testng.internal.Invoker.invokeConfigurations(Invoker.java:138)
                        	at org.testng.TestRunner.beforeRun(TestRunner.java:641)
                        	at org.testng.TestRunner.run(TestRunner.java:609)
                        	at org.testng.SuiteRunner.runTest(SuiteRunner.java:334)
                        	at org.testng.SuiteRunner.runSequentially(SuiteRunner.java:329)
                        	at org.testng.SuiteRunner.privateRun(SuiteRunner.java:291)
                        	at org.testng.SuiteRunner.run(SuiteRunner.java:240)
                        	at org.testng.SuiteRunnerWorker.runSuite(SuiteRunnerWorker.java:52)
                        	at org.testng.SuiteRunnerWorker.run(SuiteRunnerWorker.java:86)
                        	at org.testng.TestNG.runSuitesSequentially(TestNG.java:1224)
                        	at org.testng.TestNG.runSuitesLocally(TestNG.java:1149)
                        	at org.testng.TestNG.run(TestNG.java:1057)
                        	at org.testng.TestNG.privateMain(TestNG.java:1364)
                        	at org.testng.TestNG.main(TestNG.java:1333)
                     </pre>
                  </div>
               </td>
            </tr>
         </table>
         <br></br>
         <table class="testMethodsTable" cellpadding="0" cellspacing="0">
            <tr>
               <td colspan="4">
                  <h3 style="display: inline;">tests.UsingAssertions</h3>
               </td>
            </tr>
            <tr class="methodsTableHeader">
               <td width="100%">Name</td>
               <td nowrap="true">Started</td>
               <td nowrap="true">Duration</td>
               <td>Exception</td>
            </tr>
            <tr id="tests.UsingAssertions_testGoogleSearch_byClass_FAIL1_row"
                class="testMethodStatusFAIL">
               <td width="100%" class="firstMethodCell">
                  <a onclick="toggleDetailsVisibility('tests.UsingAssertions_testGoogleSearch_byClass_FAIL1_details')">testGoogleSearch()</a>
               </td>
               <td nowrap="true">16:17:13</td>
               <td nowrap="true" align="right">35 ms
                  
               </td>
               <td nowrap="true">
                  <a onclick="toggleDetailsVisibility('tests.UsingAssertions_testGoogleSearch_byClass_FAIL1_exception')">java.lang.AssertionError: 
                     Error coming because of xyz reason expected [true] but found [false]
                     
                  </a>
                   
                  
               </td>
            </tr>
            <tr>
               <td colspan="4" class="detailsBox">
                  <div id="tests.UsingAssertions_testGoogleSearch_byClass_FAIL1_details"
                       class="testMethodDetails">
                     <div>
                        <b>Name: </b>testGoogleSearch
                     </div>
                     <div>
                        <b>Signature: </b>testGoogleSearch()[pri:0, instance:tests.UsingAssertions@f5f2bb7]
                     </div>
                     <div>
                        <b>Start time: </b>16:17:13
                     </div>
                     <div>
                        <b>End time: </b>16:17:13
                     </div>
                     <div>
                        <b>Duration: </b>35 ms
                        
                     </div>
                  </div>
               </td>
            </tr>
            <tr>
               <td colspan="4" class="detailsBox">
                  <div id="tests.UsingAssertions_testGoogleSearch_byClass_FAIL1_exception"
                       class="testMethodDetails">
                     <pre style="padding: 5px; margin: 0;">java.lang.AssertionError: Error coming because of xyz reason expected [true] but found [false]
                        	at org.testng.Assert.fail(Assert.java:94)
                        	at org.testng.Assert.failNotEquals(Assert.java:494)
                        	at org.testng.Assert.assertTrue(Assert.java:42)
                        	at tests.UsingAssertions.testGoogleSearch(UsingAssertions.java:25)
                        	at sun.reflect.NativeMethodAccessorImpl.invoke0(Native Method)
                        	at sun.reflect.NativeMethodAccessorImpl.invoke(NativeMethodAccessorImpl.java:62)
                        	at sun.reflect.DelegatingMethodAccessorImpl.invoke(DelegatingMethodAccessorImpl.java:43)
                        	at java.lang.reflect.Method.invoke(Method.java:497)
                        	at org.testng.internal.MethodInvocationHelper.invokeMethod(MethodInvocationHelper.java:84)
                        	at org.testng.internal.Invoker.invokeMethod(Invoker.java:714)
                        	at org.testng.internal.Invoker.invokeTestMethod(Invoker.java:901)
                        	at org.testng.internal.Invoker.invokeTestMethods(Invoker.java:1231)
                        	at org.testng.internal.TestMethodWorker.invokeTestMethods(TestMethodWorker.java:127)
                        	at org.testng.internal.TestMethodWorker.run(TestMethodWorker.java:111)
                        	at org.testng.TestRunner.privateRun(TestRunner.java:767)
                        	at org.testng.TestRunner.run(TestRunner.java:617)
                        	at org.testng.SuiteRunner.runTest(SuiteRunner.java:334)
                        	at org.testng.SuiteRunner.runSequentially(SuiteRunner.java:329)
                        	at org.testng.SuiteRunner.privateRun(SuiteRunner.java:291)
                        	at org.testng.SuiteRunner.run(SuiteRunner.java:240)
                        	at org.testng.SuiteRunnerWorker.runSuite(SuiteRunnerWorker.java:52)
                        	at org.testng.SuiteRunnerWorker.run(SuiteRunnerWorker.java:86)
                        	at org.testng.TestNG.runSuitesSequentially(TestNG.java:1224)
                        	at org.testng.TestNG.runSuitesLocally(TestNG.java:1149)
                        	at org.testng.TestNG.run(TestNG.java:1057)
                        	at org.testng.TestNG.privateMain(TestNG.java:1364)
                        	at org.testng.TestNG.main(TestNG.java:1333)
                     </pre>
                  </div>
               </td>
            </tr>
         </table>
         <br></br>
      </div>
      <div style="margin-top: 15px; color: gray; text-align: center; font-size: 9px;">
         Generated with
         
         <a href="http://code.google.com/p/testng-xslt/" style="color: #8888aa;"
            target="_blank">
            TestNG XSLT
            
         </a>
      </div>
   </body>
</html>