<!DOCTYPE html PUBLIC "-//W3C//DTD XHTML 1.1//EN" "http://www.w3.org/TR/xhtml11/DTD/xhtml11.dtd">
<html xmlns="http://www.w3.org/1999/xhtml"><head><title>TestNG Report</title><style type="text/css">table {margin-bottom:10px;border-collapse:collapse;empty-cells:show}th,td {border:1px solid #009;padding:.25em .5em}th {vertical-align:bottom}td {vertical-align:top}table a {font-weight:bold}.stripe td {background-color: #E6EBF9}.num {text-align:right}.passedodd td {background-color: #3F3}.passedeven td {background-color: #0A0}.skippedodd td {background-color: #DDD}.skippedeven td {background-color: #CCC}.failedodd td,.attn {background-color: #F33}.failedeven td,.stripe .attn {background-color: #D00}.stacktrace {white-space:pre;font-family:monospace}.totop {font-size:85%;text-align:center;border-bottom:2px solid #000}</style></head><body><table><tr><th>Test</th><th># Passed</th><th># Skipped</th><th># Failed</th><th>Time (ms)</th><th>Included Groups</th><th>Excluded Groups</th></tr><tr><th colspan="7">My Sample Suite</th></tr><tr><td><a href="#t0">Learning assertions</a></td><td class="num">0</td><td class="num">0</td><td class="num attn">1</td><td class="num">82</td><td></td><td></td></tr><tr class="stripe"><td><a href="#t1">Application Login</a></td><td class="num">1</td><td class="num">0</td><td class="num">0</td><td class="num">9,356</td><td></td><td></td></tr><tr><td><a href="#t2">Selling Books</a></td><td class="num">0</td><td class="num attn">1</td><td class="num">0</td><td class="num">0</td><td></td><td></td></tr><tr><th>Total</th><th class="num">1</th><th class="num attn">1</th><th class="num attn">1</th><th class="num">9,438</th><th colspan="2"></th></tr></table><table><thead><tr><th>Class</th><th>Method</th><th>Start</th><th>Time (ms)</th></tr></thead><tbody><tr><th colspan="4">My Sample Suite</th></tr></tbody><tbody id="t0"><tr><th colspan="4">Learning assertions &#8212; failed</th></tr><tr class="failedeven"><td rowspan="1">tests.UsingAssertions</td><td><a href="#m0">testGoogleSearch</a></td><td rowspan="1">1488662233224</td><td rowspan="1">35</td></tr></tbody><tbody id="t1"><tr><th colspan="4">Application Login &#8212; passed</th></tr><tr class="passedeven"><td rowspan="1">tests.LoginTest</td><td><a href="#m1">testLogin</a></td><td rowspan="1">1488662233322</td><td rowspan="1">9356</td></tr></tbody><tbody id="t2"><tr><th colspan="4">Selling Books &#8212; skipped (configuration methods)</th></tr><tr class="skippedeven"><td rowspan="1">tests.SellItemsTest</td><td><a href="#m2">shouldWeSkip</a></td><td rowspan="1">1488662242724</td><td rowspan="1">0</td></tr><tr><th colspan="4">Selling Books &#8212; skipped</th></tr><tr class="skippedeven"><td rowspan="1">tests.SellItemsTest</td><td><a href="#m3">testSellingBooks</a></td><td rowspan="1">1488662242724</td><td rowspan="1">0</td></tr></tbody></table><h2>Learning assertions</h2><h3 id="m0">tests.UsingAssertions#testGoogleSearch</h3><table class="result"><tr><th>Exception</th></tr><tr><td><div class="stacktrace">java.lang.AssertionError: Error coming because of xyz reason expected [true] but found [false]
	at tests.UsingAssertions.testGoogleSearch(UsingAssertions.java:25)
... Removed 26 stack frames</div></td></tr></table><p class="totop"><a href="#summary">back to summary</a></p><h2>Application Login</h2><h3 id="m1">tests.LoginTest#testLogin</h3><table class="result"></table><p class="totop"><a href="#summary">back to summary</a></p><h2>Selling Books</h2><h3 id="m2">tests.SellItemsTest#shouldWeSkip</h3><table class="result"><tr><th>Exception</th></tr><tr><td><div class="stacktrace">org.testng.SkipException: Skipping because user not logged in
	at tests.SellItemsTest.shouldWeSkip(SellItemsTest.java:13)
... Removed 21 stack frames</div></td></tr></table><p class="totop"><a href="#summary">back to summary</a></p><h3 id="m3">tests.SellItemsTest#testSellingBooks</h3><table class="result"></table><p class="totop"><a href="#summary">back to summary</a></p></body></html>